<?xml version="1.0" encoding="UTF-8"?>
<testng-results skipped="0" failed="0" ignored="0" total="1" passed="1">
  <reporter-output>
  </reporter-output>
  <suite name="Default suite" duration-ms="30" started-at="2019-02-05T12:04:57Z" finished-at="2019-02-05T12:04:57Z">
    <groups>
    </groups>
    <test name="Default test" duration-ms="30" started-at="2019-02-05T12:04:57Z" finished-at="2019-02-05T12:04:57Z">
      <class name="junit.a.test_consec">
        <test-method status="PASS" signature="testConsecutiveString()[pri:0, instance:junit.a.test_consec@2ef5e5e3]" name="testConsecutiveString" duration-ms="8" started-at="2019-02-05T12:04:57Z" finished-at="2019-02-05T12:04:57Z">
          <reporter-output>
          </reporter-output>
        </test-method> <!-- testConsecutiveString -->
      </class> <!-- junit.a.test_consec -->
    </test> <!-- Default test -->
  </suite> <!-- Default suite -->
</testng-results>
